Using pre-set license
Built from '2022.3/staging' branch; Version is '2022.3.16f1 (d2c21f0ef2f1) revision 13812255'; Using compiler version '192829333'; Build Type 'Release'
OS: 'Windows 11  (10.0.22621) 64bit ProfessionalEducation' Language: 'es' Physical Memory: 32597 MB
BatchMode: 1, IsHumanControllingUs: 0, StartBugReporterOnCrash: 0, Is64bit: 1, IsPro: 1

COMMAND LINE ARGUMENTS:
C:\Program Files\Unity\Hub\Editor\2022.3.16f1\Editor\Unity.exe
-adb2
-batchMode
-noUpm
-name
AssetImportWorker0
-projectPath
C:/Users/usuario/Unity/Juego
-logFile
Logs/AssetImportWorker0.log
-srvPort
53717
Successfully changed project path to: C:/Users/usuario/Unity/Juego
C:/Users/usuario/Unity/Juego
[UnityMemory] Configuration Parameters - Can be set up in boot.config
    "memorysetup-bucket-allocator-granularity=16"
    "memorysetup-bucket-allocator-bucket-count=8"
    "memorysetup-bucket-allocator-block-size=33554432"
    "memorysetup-bucket-allocator-block-count=8"
    "memorysetup-main-allocator-block-size=16777216"
    "memorysetup-thread-allocator-block-size=16777216"
    "memorysetup-gfx-main-allocator-block-size=16777216"
    "memorysetup-gfx-thread-allocator-block-size=16777216"
    "memorysetup-cache-allocator-block-size=4194304"
    "memorysetup-typetree-allocator-block-size=2097152"
    "memorysetup-profiler-bucket-allocator-granularity=16"
    "memorysetup-profiler-bucket-allocator-bucket-count=8"
    "memorysetup-profiler-bucket-allocator-block-size=33554432"
    "memorysetup-profiler-bucket-allocator-block-count=8"
    "memorysetup-profiler-allocator-block-size=16777216"
    "memorysetup-profiler-editor-allocator-block-size=1048576"
    "memorysetup-temp-allocator-size-main=16777216"
    "memorysetup-job-temp-allocator-block-size=2097152"
    "memorysetup-job-temp-allocator-block-size-background=1048576"
    "memorysetup-job-temp-allocator-reduction-small-platforms=262144"
    "memorysetup-allocator-temp-initial-block-size-main=262144"
    "memorysetup-allocator-temp-initial-block-size-worker=262144"
    "memorysetup-temp-allocator-size-background-worker=32768"
    "memorysetup-temp-allocator-size-job-worker=262144"
    "memorysetup-temp-allocator-size-preload-manager=33554432"
    "memorysetup-temp-allocator-size-nav-mesh-worker=65536"
    "memorysetup-temp-allocator-size-audio-worker=65536"
    "memorysetup-temp-allocator-size-cloud-worker=32768"
    "memorysetup-temp-allocator-size-gi-baking-worker=262144"
    "memorysetup-temp-allocator-size-gfx=262144"
Player connection [6684] Host "[IP] 172.26.44.98 [Port] 0 [Flags] 2 [Guid] 2060636499 [EditorId] 2060636499 [Version] 1048832 [Id] WindowsEditor(7,DESKTOP-EEKJQD2) [Debug] 1 [PackageName] WindowsEditor [ProjectName] Editor" joined multi-casting on [225.0.0.222:54997]...

Player connection [6684] Host "[IP] 172.26.44.98 [Port] 0 [Flags] 2 [Guid] 2060636499 [EditorId] 2060636499 [Version] 1048832 [Id] WindowsEditor(7,DESKTOP-EEKJQD2) [Debug] 1 [PackageName] WindowsEditor [ProjectName] Editor" joined alternative multi-casting on [225.0.0.222:34997]...

[Physics::Module] Initialized MultithreadedJobDispatcher with 11 workers.
Refreshing native plugins compatible for Editor in 10.17 ms, found 4 plugins.
Preloading 0 native plugins for Editor in 0.00 ms.
Initialize engine version: 2022.3.16f1 (d2c21f0ef2f1)
[Subsystems] Discovering subsystems at path C:/Program Files/Unity/Hub/Editor/2022.3.16f1/Editor/Data/Resources/UnitySubsystems
[Subsystems] Discovering subsystems at path C:/Users/usuario/Unity/Juego/Assets
GfxDevice: creating device client; threaded=0; jobified=0
Direct3D:
    Version:  Direct3D 11.0 [level 11.1]
    Renderer: Intel(R) UHD Graphics 630 (ID=0x9bc8)
    Vendor:   Intel
    VRAM:     16298 MB
    Driver:   30.0.101.1273
Initialize mono
Mono path[0] = 'C:/Program Files/Unity/Hub/Editor/2022.3.16f1/Editor/Data/Managed'
Mono path[1] = 'C:/Program Files/Unity/Hub/Editor/2022.3.16f1/Editor/Data/MonoBleedingEdge/lib/mono/unityjit-win32'
Mono config path = 'C:/Program Files/Unity/Hub/Editor/2022.3.16f1/Editor/Data/MonoBleedingEdge/etc'
Using monoOptions --debugger-agent=transport=dt_socket,embedding=1,server=y,suspend=n,address=127.0.0.1:56992
Begin MonoManager ReloadAssembly
Registering precompiled unity dll's ...
Register platform support module: C:/Program Files/Unity/Hub/Editor/2022.3.16f1/Editor/Data/PlaybackEngines/WindowsStandaloneSupport/UnityEditor.WindowsStandalone.Extensions.dll
Registered in 0.007037 seconds.
- Loaded All Assemblies, in  0.523 seconds
Native extension for WindowsStandalone target not found
Mono: successfully reloaded assembly
- Finished resetting the current domain, in  0.410 seconds
Domain Reload Profiling: 932ms
	BeginReloadAssembly (133ms)
		ExecutionOrderSort (0ms)
		DisableScriptedObjects (0ms)
		BackupInstance (0ms)
		ReleaseScriptingObjects (0ms)
		CreateAndSetChildDomain (1ms)
	RebuildCommonClasses (53ms)
	RebuildNativeTypeToScriptingClass (17ms)
	initialDomainReloadingComplete (78ms)
	LoadAllAssembliesAndSetupDomain (241ms)
		LoadAssemblies (131ms)
		RebuildTransferFunctionScriptingTraits (0ms)
		AnalyzeDomain (239ms)
			TypeCache.Refresh (236ms)
				TypeCache.ScanAssembly (209ms)
			ScanForSourceGeneratedMonoScriptInfo (1ms)
			ResolveRequiredComponents (1ms)
	FinalizeReload (411ms)
		ReleaseScriptCaches (0ms)
		RebuildScriptCaches (0ms)
		SetupLoadedEditorAssemblies (313ms)
			LogAssemblyErrors (0ms)
			InitializePlatformSupportModulesInManaged (16ms)
			SetLoadedEditorAssemblies (18ms)
			RefreshPlugins (0ms)
			BeforeProcessingInitializeOnLoad (3ms)
			ProcessInitializeOnLoadAttributes (211ms)
			ProcessInitializeOnLoadMethodAttributes (65ms)
			AfterProcessingInitializeOnLoad (0ms)
			EditorAssembliesLoaded (0ms)
		ExecutionOrderSort2 (0ms)
		AwakeInstancesAfterBackupRestoration (0ms)
========================================================================
Worker process is ready to serve import requests
Begin MonoManager ReloadAssembly
- Loaded All Assemblies, in  0.972 seconds
Refreshing native plugins compatible for Editor in 4.54 ms, found 4 plugins.
Native extension for WindowsStandalone target not found
Package Manager log level set to [2]
[Package Manager] Server::EnsureServerProcessIsRunning -- launch failed, reason: Unity was launched with the -noUpm command-line argument
[Package Manager] UpmClient::Send -- Unable to send message (not connected to UPM process).
[Package Manager] Cannot connect to Unity Package Manager local server
Mono: successfully reloaded assembly
- Finished resetting the current domain, in  1.201 seconds
Domain Reload Profiling: 2170ms
	BeginReloadAssembly (187ms)
		ExecutionOrderSort (0ms)
		DisableScriptedObjects (7ms)
		BackupInstance (0ms)
		ReleaseScriptingObjects (0ms)
		CreateAndSetChildDomain (29ms)
	RebuildCommonClasses (40ms)
	RebuildNativeTypeToScriptingClass (13ms)
	initialDomainReloadingComplete (55ms)
	LoadAllAssembliesAndSetupDomain (674ms)
		LoadAssemblies (431ms)
		RebuildTransferFunctionScriptingTraits (0ms)
		AnalyzeDomain (347ms)
			TypeCache.Refresh (284ms)
				TypeCache.ScanAssembly (256ms)
			ScanForSourceGeneratedMonoScriptInfo (46ms)
			ResolveRequiredComponents (16ms)
	FinalizeReload (1202ms)
		ReleaseScriptCaches (0ms)
		RebuildScriptCaches (0ms)
		SetupLoadedEditorAssemblies (964ms)
			LogAssemblyErrors (0ms)
			InitializePlatformSupportModulesInManaged (7ms)
			SetLoadedEditorAssemblies (5ms)
			RefreshPlugins (0ms)
			BeforeProcessingInitializeOnLoad (101ms)
			ProcessInitializeOnLoadAttributes (749ms)
			ProcessInitializeOnLoadMethodAttributes (94ms)
			AfterProcessingInitializeOnLoad (7ms)
			EditorAssembliesLoaded (1ms)
		ExecutionOrderSort2 (0ms)
		AwakeInstancesAfterBackupRestoration (9ms)
Launched and connected shader compiler UnityShaderCompiler.exe after 0.04 seconds
Refreshing native plugins compatible for Editor in 5.35 ms, found 4 plugins.
Preloading 0 native plugins for Editor in 0.00 ms.
Unloading 6219 Unused Serialized files (Serialized files now loaded: 0)
Unloading 105 unused Assets / (424.3 KB). Loaded Objects now: 6678.
Memory consumption went from 241.4 MB to 241.0 MB.
Total: 7.155100 ms (FindLiveObjects: 0.613600 ms CreateObjectMapping: 0.849300 ms MarkObjects: 5.347700 ms  DeleteObjects: 0.342800 ms)

AssetImportParameters requested are different than current active one (requested -> active):
  custom:container-demuxer-ogg: 62fdf1f143b41e24485cea50d1cbac27 -> 
  custom:video-decoder-ogg-theora: a1e56fd34408186e4bbccfd4996cb3dc -> 
  custom:framework-win-MediaFoundation: 216162199b28c13a410421893ffa2e32 -> 
  custom:CustomObjectIndexerAttribute: 4d1d7186bcbbfe361de5f0ad951e585c -> 
  custom:container-demuxer-webm: 4f35f7cbe854078d1ac9338744f61a02 -> 
  custom:container-muxer-webm: aa71ff27fc2769a1b78a27578f13a17b -> 
  custom:video-decoder-webm-vp8: 9c59270c3fd7afecdb556c50c9e8de78 -> 
  custom:SearchIndexIgnoredProperties: e643bd26f0fe6173181afceb89e7c659 -> 
  custom:AudioImporter_EditorPlatform: d09bf68614088b80899f8185d706f6e7 -> 
  custom:video-encoder-webm-vp8: eb34c28f22e8b96e1ab97ce403110664 -> 
  custom:audio-decoder-ogg-vorbis: bf7c407c2cedff20999df2af8eb42d56 -> 
  custom:audio-encoder-webm-vorbis: bf7c407c2cedff20999df2af8eb42d56 -> 
========================================================================
Received Import Request.
  Time since last request: 13526.717438 seconds.
  path: Assets/UniversalRenderPipelineGlobalSettings.asset
  artifactKey: Guid(93b439a37f63240aca3dd4e01d978a9f) Importer(815301076,1909f56bfc062723c751e8b465ee728b)
Start importing Assets/UniversalRenderPipelineGlobalSettings.asset using Guid(93b439a37f63240aca3dd4e01d978a9f) Importer(815301076,1909f56bfc062723c751e8b465ee728b)  -> (artifact id: '08254b431e78862a1490bbccd82936fe') in 0.020528 seconds
Number of updated asset objects reloaded before import = 0
Number of asset objects unloaded after import = 1
========================================================================
Received Import Request.
  Time since last request: 32.557820 seconds.
  path: Assets/Scenes/SampleScene.unity
  artifactKey: Guid(8c9cfa26abfee488c85f1582747f6a02) Importer(815301076,1909f56bfc062723c751e8b465ee728b)
Start importing Assets/Scenes/SampleScene.unity using Guid(8c9cfa26abfee488c85f1582747f6a02) Importer(815301076,1909f56bfc062723c751e8b465ee728b)  -> (artifact id: 'df434398bcfac847343387dd32d64f9f') in 0.000551 seconds
Number of updated asset objects reloaded before import = 0
Number of asset objects unloaded after import = 0
========================================================================
Received Import Request.
  Time since last request: 422.778949 seconds.
  path: Assets/Sprites/1.png
  artifactKey: Guid(3f772792b63352145a8ee4199ce805ef) Importer(815301076,1909f56bfc062723c751e8b465ee728b)
Start importing Assets/Sprites/1.png using Guid(3f772792b63352145a8ee4199ce805ef) Importer(815301076,1909f56bfc062723c751e8b465ee728b)  -> (artifact id: '6958830d4d30fc052d1ee1898fbbbf17') in 0.061832 seconds
Number of updated asset objects reloaded before import = 0
Number of asset objects unloaded after import = 2
========================================================================
Received Import Request.
  Time since last request: 0.000021 seconds.
  path: Assets/Sprites/a3.asset
  artifactKey: Guid(4fd7cb3617e8cb142a573f965fab6602) Importer(815301076,1909f56bfc062723c751e8b465ee728b)
Start importing Assets/Sprites/a3.asset using Guid(4fd7cb3617e8cb142a573f965fab6602) Importer(815301076,1909f56bfc062723c751e8b465ee728b)  -> (artifact id: '4ea4ba5deba656540e3de002a92e1d70') in 0.092133 seconds
Number of updated asset objects reloaded before import = 0
Number of asset objects unloaded after import = 3
========================================================================
Received Import Request.
  Time since last request: 0.000021 seconds.
  path: Assets/Sprites/barco4.asset
  artifactKey: Guid(029aab558796ff44fa09e6895a2e453a) Importer(815301076,1909f56bfc062723c751e8b465ee728b)
Start importing Assets/Sprites/barco4.asset using Guid(029aab558796ff44fa09e6895a2e453a) Importer(815301076,1909f56bfc062723c751e8b465ee728b)  -> (artifact id: 'f6cc7b587544d4f568c77926bd832684') in 0.018560 seconds
Number of updated asset objects reloaded before import = 0
Number of asset objects unloaded after import = 3
========================================================================
Received Import Request.
  Time since last request: 0.000057 seconds.
  path: Assets/Sprites/hierbavieja.asset
  artifactKey: Guid(32296f40312cfe7418c1b350fc93f87e) Importer(815301076,1909f56bfc062723c751e8b465ee728b)
Start importing Assets/Sprites/hierbavieja.asset using Guid(32296f40312cfe7418c1b350fc93f87e) Importer(815301076,1909f56bfc062723c751e8b465ee728b)  -> (artifact id: 'b34529fc9c7fdfba841bd1e55d7f4032') in 0.017928 seconds
Number of updated asset objects reloaded before import = 0
Number of asset objects unloaded after import = 3
========================================================================
Received Import Request.
  Time since last request: 0.000030 seconds.
  path: Assets/Sprites/a8.asset
  artifactKey: Guid(f00f05c1434356747a4ca99b29721401) Importer(815301076,1909f56bfc062723c751e8b465ee728b)
Start importing Assets/Sprites/a8.asset using Guid(f00f05c1434356747a4ca99b29721401) Importer(815301076,1909f56bfc062723c751e8b465ee728b)  -> (artifact id: 'e47667c79648e8d6a696227f481a3e1c') in 0.020763 seconds
Number of updated asset objects reloaded before import = 0
Number of asset objects unloaded after import = 3
========================================================================
Received Import Request.
  Time since last request: 0.000024 seconds.
  path: Assets/Sprites/6.png
  artifactKey: Guid(b6602d1aa55d13f47a18b954cc2bb970) Importer(815301076,1909f56bfc062723c751e8b465ee728b)
Start importing Assets/Sprites/6.png using Guid(b6602d1aa55d13f47a18b954cc2bb970) Importer(815301076,1909f56bfc062723c751e8b465ee728b)  -> (artifact id: '89bff61a34ee7da0bfca9422f32019bc') in 1.377761 seconds
Number of updated asset objects reloaded before import = 0
Number of asset objects unloaded after import = 478
========================================================================
Received Import Request.
  Time since last request: 0.000029 seconds.
  path: Assets/Sprites/a10.asset
  artifactKey: Guid(d19e22ce9ed68e345b912b5cfb24acea) Importer(815301076,1909f56bfc062723c751e8b465ee728b)
Start importing Assets/Sprites/a10.asset using Guid(d19e22ce9ed68e345b912b5cfb24acea) Importer(815301076,1909f56bfc062723c751e8b465ee728b)  -> (artifact id: '5e222c4dd4bc1b1ba674df4b673c7ec9') in 0.016680 seconds
Number of updated asset objects reloaded before import = 0
Number of asset objects unloaded after import = 3
========================================================================
Received Import Request.
  Time since last request: 0.000038 seconds.
  path: Assets/Sprites/ladrillo.asset
  artifactKey: Guid(507e90ebd5d657047b1ee36f68a1a695) Importer(815301076,1909f56bfc062723c751e8b465ee728b)
Start importing Assets/Sprites/ladrillo.asset using Guid(507e90ebd5d657047b1ee36f68a1a695) Importer(815301076,1909f56bfc062723c751e8b465ee728b)  -> (artifact id: 'd1a65f3af1439bdeb38adeeb20e1943f') in 0.037631 seconds
Number of updated asset objects reloaded before import = 0
Number of asset objects unloaded after import = 3
========================================================================
Received Import Request.
  Time since last request: 0.000028 seconds.
  path: Assets/Sprites/a7.asset
  artifactKey: Guid(e891fa170213c08418e86cbe94504b13) Importer(815301076,1909f56bfc062723c751e8b465ee728b)
Start importing Assets/Sprites/a7.asset using Guid(e891fa170213c08418e86cbe94504b13) Importer(815301076,1909f56bfc062723c751e8b465ee728b)  -> (artifact id: 'b1e0b4b28cb28a93d63b8b65f96ddd01') in 0.019136 seconds
Number of updated asset objects reloaded before import = 0
Number of asset objects unloaded after import = 3
========================================================================
Received Import Request.
  Time since last request: 0.000024 seconds.
  path: Assets/Sprites/b1.asset
  artifactKey: Guid(816f2342d8c66e54d8c185806ede0840) Importer(815301076,1909f56bfc062723c751e8b465ee728b)
Start importing Assets/Sprites/b1.asset using Guid(816f2342d8c66e54d8c185806ede0840) Importer(815301076,1909f56bfc062723c751e8b465ee728b)  -> (artifact id: '9e7887a1d120265d32015610a368bf72') in 0.020905 seconds
Number of updated asset objects reloaded before import = 0
Number of asset objects unloaded after import = 3
========================================================================
Received Import Request.
  Time since last request: 0.000023 seconds.
  path: Assets/Sprites/arco3.asset
  artifactKey: Guid(b9eac1f5f2e8baa42bfc17beaadaa9db) Importer(815301076,1909f56bfc062723c751e8b465ee728b)
Start importing Assets/Sprites/arco3.asset using Guid(b9eac1f5f2e8baa42bfc17beaadaa9db) Importer(815301076,1909f56bfc062723c751e8b465ee728b)  -> (artifact id: '102574c0e149716285e351145f8da42a') in 0.017769 seconds
Number of updated asset objects reloaded before import = 0
Number of asset objects unloaded after import = 3
========================================================================
Received Import Request.
  Time since last request: 0.000021 seconds.
  path: Assets/Sprites/a12.asset
  artifactKey: Guid(f47f9d45afea9cc47b74506f7720e785) Importer(815301076,1909f56bfc062723c751e8b465ee728b)
Start importing Assets/Sprites/a12.asset using Guid(f47f9d45afea9cc47b74506f7720e785) Importer(815301076,1909f56bfc062723c751e8b465ee728b)  -> (artifact id: '88217c864bad885d46220008b6d49d52') in 0.022565 seconds
Number of updated asset objects reloaded before import = 0
Number of asset objects unloaded after import = 3
========================================================================
Received Import Request.
  Time since last request: 0.000028 seconds.
  path: Assets/Sprites/4.png
  artifactKey: Guid(34d9fa84b198b0641b95a4e3bd74aa9e) Importer(815301076,1909f56bfc062723c751e8b465ee728b)
Start importing Assets/Sprites/4.png using Guid(34d9fa84b198b0641b95a4e3bd74aa9e) Importer(815301076,1909f56bfc062723c751e8b465ee728b)  -> (artifact id: 'b74e34eac9165630296c2861c1f704ab') in 2.500783 seconds
Number of updated asset objects reloaded before import = 0
Number of asset objects unloaded after import = 508
========================================================================
Received Import Request.
  Time since last request: 0.000029 seconds.
  path: Assets/Sprites/a11.asset
  artifactKey: Guid(8326a6b61a5ecbc488522a8caf986465) Importer(815301076,1909f56bfc062723c751e8b465ee728b)
Start importing Assets/Sprites/a11.asset using Guid(8326a6b61a5ecbc488522a8caf986465) Importer(815301076,1909f56bfc062723c751e8b465ee728b)  -> (artifact id: 'e6f62e68ea83dbd0e5dbd898f829199a') in 0.018350 seconds
Number of updated asset objects reloaded before import = 0
Number of asset objects unloaded after import = 3
========================================================================
Received Import Request.
  Time since last request: 0.000030 seconds.
  path: Assets/Sprites/7.png
  artifactKey: Guid(90670e5c49ee36b4fb11a6169da2fc8b) Importer(815301076,1909f56bfc062723c751e8b465ee728b)
Start importing Assets/Sprites/7.png using Guid(90670e5c49ee36b4fb11a6169da2fc8b) Importer(815301076,1909f56bfc062723c751e8b465ee728b)  -> (artifact id: 'ee04bc3a8ad24b690be0888698b75766') in 0.026556 seconds
Number of updated asset objects reloaded before import = 0
Number of asset objects unloaded after import = 2
========================================================================
Received Import Request.
  Time since last request: 0.000032 seconds.
  path: Assets/Sprites/a1.asset
  artifactKey: Guid(81d92b38544bfbb47afc29ca0e5f5da4) Importer(815301076,1909f56bfc062723c751e8b465ee728b)
Start importing Assets/Sprites/a1.asset using Guid(81d92b38544bfbb47afc29ca0e5f5da4) Importer(815301076,1909f56bfc062723c751e8b465ee728b)  -> (artifact id: '9b9e3e3f4f8b381957e55e89ba971a73') in 0.020436 seconds
Number of updated asset objects reloaded before import = 0
Number of asset objects unloaded after import = 3
========================================================================
Received Import Request.
  Time since last request: 0.000026 seconds.
  path: Assets/Sprites/heroe.png
  artifactKey: Guid(e45a3c9f26e670f47841f16e58bc2331) Importer(815301076,1909f56bfc062723c751e8b465ee728b)
Start importing Assets/Sprites/heroe.png using Guid(e45a3c9f26e670f47841f16e58bc2331) Importer(815301076,1909f56bfc062723c751e8b465ee728b)  -> (artifact id: '2498e3cdb76a5012346ad1ac2b5e3b4b') in 0.090925 seconds
Number of updated asset objects reloaded before import = 0
Number of asset objects unloaded after import = 18
========================================================================
Received Import Request.
  Time since last request: 0.000026 seconds.
  path: Assets/Sprites/barco5.asset
  artifactKey: Guid(88860caaa1a1cc64ca811bf9a8725432) Importer(815301076,1909f56bfc062723c751e8b465ee728b)
Start importing Assets/Sprites/barco5.asset using Guid(88860caaa1a1cc64ca811bf9a8725432) Importer(815301076,1909f56bfc062723c751e8b465ee728b)  -> (artifact id: 'bb87100452b25e371b389772ed8b39d5') in 0.021111 seconds
Number of updated asset objects reloaded before import = 0
Number of asset objects unloaded after import = 3
========================================================================
Received Import Request.
  Time since last request: 0.000031 seconds.
  path: Assets/Sprites/b5.asset
  artifactKey: Guid(cf6447b5372fa02418a22e96f0adbbde) Importer(815301076,1909f56bfc062723c751e8b465ee728b)
Start importing Assets/Sprites/b5.asset using Guid(cf6447b5372fa02418a22e96f0adbbde) Importer(815301076,1909f56bfc062723c751e8b465ee728b)  -> (artifact id: '63752df29ddecfd35adf7f88731827e6') in 0.020144 seconds
Number of updated asset objects reloaded before import = 0
Number of asset objects unloaded after import = 3
========================================================================
Received Import Request.
  Time since last request: 0.000042 seconds.
  path: Assets/Sprites/arco5.asset
  artifactKey: Guid(9a54d34d21f65ab47a68d8518eee2500) Importer(815301076,1909f56bfc062723c751e8b465ee728b)
Start importing Assets/Sprites/arco5.asset using Guid(9a54d34d21f65ab47a68d8518eee2500) Importer(815301076,1909f56bfc062723c751e8b465ee728b)  -> (artifact id: '44900b667101ca45342331e513bdfbda') in 0.022085 seconds
Number of updated asset objects reloaded before import = 0
Number of asset objects unloaded after import = 3
========================================================================
Received Import Request.
  Time since last request: 0.000087 seconds.
  path: Assets/Sprites/barco3.asset
  artifactKey: Guid(2f2eead49c0501a42a0375730312bb39) Importer(815301076,1909f56bfc062723c751e8b465ee728b)
Start importing Assets/Sprites/barco3.asset using Guid(2f2eead49c0501a42a0375730312bb39) Importer(815301076,1909f56bfc062723c751e8b465ee728b)  -> (artifact id: 'fd5e6ecebd26ffcb3fbb80ab2c11ebfd') in 0.022263 seconds
Number of updated asset objects reloaded before import = 0
Number of asset objects unloaded after import = 3
========================================================================
Received Import Request.
  Time since last request: 0.000022 seconds.
  path: Assets/Sprites/b2.asset
  artifactKey: Guid(fcdeff4e3df211c43bf2be2a483c38d2) Importer(815301076,1909f56bfc062723c751e8b465ee728b)
Start importing Assets/Sprites/b2.asset using Guid(fcdeff4e3df211c43bf2be2a483c38d2) Importer(815301076,1909f56bfc062723c751e8b465ee728b)  -> (artifact id: '6cbc384722032440c64cd8f9aecaf831') in 0.021352 seconds
Number of updated asset objects reloaded before import = 0
Number of asset objects unloaded after import = 3
========================================================================
Received Import Request.
  Time since last request: 0.000022 seconds.
  path: Assets/Sprites/b4.asset
  artifactKey: Guid(6edd203bb53760844bc288487435655d) Importer(815301076,1909f56bfc062723c751e8b465ee728b)
Start importing Assets/Sprites/b4.asset using Guid(6edd203bb53760844bc288487435655d) Importer(815301076,1909f56bfc062723c751e8b465ee728b)  -> (artifact id: '21221731f6b19ced4addc6d98454bfac') in 0.020587 seconds
Number of updated asset objects reloaded before import = 0
Number of asset objects unloaded after import = 3
========================================================================
Received Import Request.
  Time since last request: 0.000027 seconds.
  path: Assets/Sprites/a5.asset
  artifactKey: Guid(893baf9f03e8e9047b2bc71fd02095e5) Importer(815301076,1909f56bfc062723c751e8b465ee728b)
Start importing Assets/Sprites/a5.asset using Guid(893baf9f03e8e9047b2bc71fd02095e5) Importer(815301076,1909f56bfc062723c751e8b465ee728b)  -> (artifact id: '38df6bcfff2e6b22083ea249844aba33') in 0.024000 seconds
Number of updated asset objects reloaded before import = 0
Number of asset objects unloaded after import = 3
========================================================================
Received Import Request.
  Time since last request: 0.000031 seconds.
  path: Assets/Sprites/arco8.asset
  artifactKey: Guid(f36977b5668901a41b0f091b4135c2cd) Importer(815301076,1909f56bfc062723c751e8b465ee728b)
Start importing Assets/Sprites/arco8.asset using Guid(f36977b5668901a41b0f091b4135c2cd) Importer(815301076,1909f56bfc062723c751e8b465ee728b)  -> (artifact id: 'b7c84fe547c9e15d2e4b2afb79b33565') in 0.028313 seconds
Number of updated asset objects reloaded before import = 0
Number of asset objects unloaded after import = 3
========================================================================
Received Import Request.
  Time since last request: 0.000033 seconds.
  path: Assets/Sprites/b3.asset
  artifactKey: Guid(c9e525c83cbf4284d90baeaf0f427181) Importer(815301076,1909f56bfc062723c751e8b465ee728b)
Start importing Assets/Sprites/b3.asset using Guid(c9e525c83cbf4284d90baeaf0f427181) Importer(815301076,1909f56bfc062723c751e8b465ee728b)  -> (artifact id: 'd63edb912b92030859c4782a4fa83aa6') in 0.027967 seconds
Number of updated asset objects reloaded before import = 0
Number of asset objects unloaded after import = 3
========================================================================
Received Import Request.
  Time since last request: 0.000054 seconds.
  path: Assets/Sprites/b6.asset
  artifactKey: Guid(b13248b96d0859846bb2b51345cfbad4) Importer(815301076,1909f56bfc062723c751e8b465ee728b)
Start importing Assets/Sprites/b6.asset using Guid(b13248b96d0859846bb2b51345cfbad4) Importer(815301076,1909f56bfc062723c751e8b465ee728b)  -> (artifact id: '235a34bacbb7a15aca5508005cbe2445') in 0.022095 seconds
Number of updated asset objects reloaded before import = 0
Number of asset objects unloaded after import = 3
========================================================================
Received Import Request.
  Time since last request: 0.000028 seconds.
  path: Assets/Sprites/lago.asset
  artifactKey: Guid(ed15295118fac7e40ab5649e457a22ab) Importer(815301076,1909f56bfc062723c751e8b465ee728b)
Start importing Assets/Sprites/lago.asset using Guid(ed15295118fac7e40ab5649e457a22ab) Importer(815301076,1909f56bfc062723c751e8b465ee728b)  -> (artifact id: '0a333ac8497dd8e551e6b7ff99e70106') in 0.028403 seconds
Number of updated asset objects reloaded before import = 0
Number of asset objects unloaded after import = 3
========================================================================
Received Import Request.
  Time since last request: 0.000045 seconds.
  path: Assets/Sprites/a2.asset
  artifactKey: Guid(6f9cb38c8eeb41e40a8e1e37ab8b5427) Importer(815301076,1909f56bfc062723c751e8b465ee728b)
Start importing Assets/Sprites/a2.asset using Guid(6f9cb38c8eeb41e40a8e1e37ab8b5427) Importer(815301076,1909f56bfc062723c751e8b465ee728b)  -> (artifact id: '7b4ce5ff8053894cb1aef8ea9e007279') in 0.023087 seconds
Number of updated asset objects reloaded before import = 0
Number of asset objects unloaded after import = 3
Editor requested this worker to shutdown with reason: Scaling down because of idle timeout
TcpMessagingSession - receive error: operation aborted. errorcode: 995, details: La operación de E/S se anuló por una salida de subproceso o por una solicitud de aplicación.
AssetImportWorker is now disconnected from the server
Process exiting
Exiting without the bug reporter. Application will terminate with return code 0